<?xml version="1.0" encoding="UTF-8"?>
<!-- Generated by org.testng.reporters.JUnitXMLReporter -->
<testsuite ignored="0" hostname="Dinesh-PC" failures="0" tests="4" name="Surefire test" time="8.162" errors="0" timestamp="2025-05-04T11:54:49 CEST">
  <testcase classname="api.testCases.UserTest" name="testCreateUser" time="2.157"/>
  <testcase classname="api.testCases.UserTest" name="testGetUserData" time="2.922"/>
  <testcase classname="api.testCases.UserTest" name="testUpdateUser" time="1.666"/>
  <testcase classname="api.testCases.UserTest" name="testDeleteUser" time="0.83"/>
</testsuite> <!-- Surefire test -->
