<?xml version="1.0" encoding="UTF-8"?>
<!-- Generated by org.testng.reporters.JUnitXMLReporter -->
<testsuite ignored="0" hostname="Dinesh-PC" failures="0" tests="4" name="Default test" time="8.266" errors="0" timestamp="2025-05-03T20:28:00 CEST">
  <testcase classname="api.testCases.UserTest2" name="testCreateUser" time="2.25"/>
  <testcase classname="api.testCases.UserTest2" name="testGetUserData" time="2.865"/>
  <testcase classname="api.testCases.UserTest2" name="testUpdateUser" time="1.644"/>
  <testcase classname="api.testCases.UserTest2" name="testDeleteUser" time="0.819"/>
</testsuite> <!-- Default test -->
