<?xml version="1.0" encoding="UTF-8"?>
<!-- Generated by org.testng.reporters.JUnitXMLReporter -->
<testsuite ignored="0" hostname="Dinesh-PC" failures="0" tests="4" name="Test" time="8.48" errors="0" timestamp="2025-05-03T19:18:43 CEST">
  <testcase classname="api.testCases.UserTest" name="testCreateUser" time="2.25"/>
  <testcase classname="api.testCases.UserTest" name="testGetUserData" time="2.858"/>
  <testcase classname="api.testCases.UserTest" name="testUpdateUser" time="1.685"/>
  <testcase classname="api.testCases.UserTest" name="testDeleteUser" time="0.83"/>
</testsuite> <!-- Test -->
