<?xml version="1.0" encoding="UTF-8"?>
<testng-results ignored="0" total="4" passed="4" failed="0" skipped="0">
  <reporter-output>
  </reporter-output>
  <suite started-at="2025-05-04T11:54:40 CEST" name="Surefire suite" finished-at="2025-05-04T11:54:49 CEST" duration-ms="8162">
    <groups>
    </groups>
    <test started-at="2025-05-04T11:54:40 CEST" name="Surefire test" finished-at="2025-05-04T11:54:49 CEST" duration-ms="8162">
      <class name="api.testCases.UserTest">
        <test-method is-config="true" signature="generateTestData()[pri:0, instance:api.testCases.UserTest@3e2e18f2]" started-at="2025-05-04T11:54:40 CEST" name="generateTestData" finished-at="2025-05-04T11:54:41 CEST" duration-ms="557" status="PASS">
          <reporter-output>
          </reporter-output>
        </test-method> <!-- generateTestData -->
        <test-method signature="testCreateUser()[pri:1, instance:api.testCases.UserTest@3e2e18f2]" started-at="2025-05-04T11:54:41 CEST" name="testCreateUser" finished-at="2025-05-04T11:54:43 CEST" duration-ms="2157" status="PASS">
          <reporter-output>
          </reporter-output>
        </test-method> <!-- testCreateUser -->
        <test-method signature="testGetUserData()[pri:2, instance:api.testCases.UserTest@3e2e18f2]" started-at="2025-05-04T11:54:43 CEST" name="testGetUserData" finished-at="2025-05-04T11:54:46 CEST" duration-ms="2922" status="PASS">
          <reporter-output>
          </reporter-output>
        </test-method> <!-- testGetUserData -->
        <test-method signature="testUpdateUser()[pri:3, instance:api.testCases.UserTest@3e2e18f2]" started-at="2025-05-04T11:54:46 CEST" name="testUpdateUser" finished-at="2025-05-04T11:54:48 CEST" duration-ms="1666" status="PASS">
          <reporter-output>
          </reporter-output>
        </test-method> <!-- testUpdateUser -->
        <test-method signature="testDeleteUser()[pri:4, instance:api.testCases.UserTest@3e2e18f2]" started-at="2025-05-04T11:54:48 CEST" name="testDeleteUser" finished-at="2025-05-04T11:54:49 CEST" duration-ms="830" status="PASS">
          <reporter-output>
          </reporter-output>
        </test-method> <!-- testDeleteUser -->
      </class> <!-- api.testCases.UserTest -->
    </test> <!-- Surefire test -->
  </suite> <!-- Surefire suite -->
</testng-results>
