<?xml version="1.0" encoding="UTF-8"?>
<testng-results ignored="0" total="4" passed="4" failed="0" skipped="0">
  <reporter-output>
  </reporter-output>
  <suite started-at="2025-05-03T20:27:51 CEST" name="Default suite" finished-at="2025-05-03T20:28:00 CEST" duration-ms="8266">
    <groups>
    </groups>
    <test started-at="2025-05-03T20:27:51 CEST" name="Default test" finished-at="2025-05-03T20:28:00 CEST" duration-ms="8266">
      <class name="api.testCases.UserTest2">
        <test-method is-config="true" signature="generateTestData()[pri:0, instance:api.testCases.UserTest2@385c9627]" started-at="2025-05-03T20:27:51 CEST" name="generateTestData" finished-at="2025-05-03T20:27:52 CEST" duration-ms="645" status="PASS">
          <reporter-output>
          </reporter-output>
        </test-method> <!-- generateTestData -->
        <test-method signature="testCreateUser()[pri:1, instance:api.testCases.UserTest2@385c9627]" started-at="2025-05-03T20:27:52 CEST" name="testCreateUser" finished-at="2025-05-03T20:27:54 CEST" duration-ms="2250" status="PASS">
          <reporter-output>
          </reporter-output>
        </test-method> <!-- testCreateUser -->
        <test-method signature="testGetUserData()[pri:2, instance:api.testCases.UserTest2@385c9627]" started-at="2025-05-03T20:27:54 CEST" name="testGetUserData" finished-at="2025-05-03T20:27:57 CEST" duration-ms="2865" status="PASS">
          <reporter-output>
          </reporter-output>
        </test-method> <!-- testGetUserData -->
        <test-method signature="testUpdateUser()[pri:3, instance:api.testCases.UserTest2@385c9627]" started-at="2025-05-03T20:27:57 CEST" name="testUpdateUser" finished-at="2025-05-03T20:27:59 CEST" duration-ms="1644" status="PASS">
          <reporter-output>
          </reporter-output>
        </test-method> <!-- testUpdateUser -->
        <test-method signature="testDeleteUser()[pri:4, instance:api.testCases.UserTest2@385c9627]" started-at="2025-05-03T20:27:59 CEST" name="testDeleteUser" finished-at="2025-05-03T20:28:00 CEST" duration-ms="819" status="PASS">
          <reporter-output>
          </reporter-output>
        </test-method> <!-- testDeleteUser -->
      </class> <!-- api.testCases.UserTest2 -->
    </test> <!-- Default test -->
  </suite> <!-- Default suite -->
</testng-results>
